<?xml version="1.0" encoding="UTF-8"?>
<testng-results ignored="0" total="1" passed="1" failed="0" skipped="0">
  <reporter-output>
  </reporter-output>
  <suite started-at="2024-09-11T01:09:21 IST" name="Default suite" finished-at="2024-09-11T01:10:20 IST" duration-ms="58877">
    <groups>
      <group name="smokeTest">
        <method signature="CreateAndDeleteTest.createAndDeleteTest()[pri:0, instance:campaign.CreateAndDeleteTest@4efbca5a]" name="createAndDeleteTest" class="campaign.CreateAndDeleteTest"/>
      </group> <!-- smokeTest -->
    </groups>
    <test started-at="2024-09-11T01:09:21 IST" name="Default test" finished-at="2024-09-11T01:10:20 IST" duration-ms="58877">
      <class name="campaign.CreateAndDeleteTest">
        <test-method is-config="true" signature="BS()[pri:0, instance:campaign.CreateAndDeleteTest@4efbca5a]" started-at="2024-09-11T01:09:21 IST" name="BS" finished-at="2024-09-11T01:09:21 IST" duration-ms="20" status="PASS">
          <reporter-output>
          </reporter-output>
        </test-method> <!-- BS -->
        <test-method is-config="true" signature="BT()[pri:0, instance:campaign.CreateAndDeleteTest@4efbca5a]" started-at="2024-09-11T01:09:21 IST" name="BT" finished-at="2024-09-11T01:09:21 IST" duration-ms="4" status="PASS">
          <reporter-output>
          </reporter-output>
        </test-method> <!-- BT -->
        <test-method is-config="true" signature="BC()[pri:0, instance:campaign.CreateAndDeleteTest@4efbca5a]" started-at="2024-09-11T01:09:21 IST" name="BC" finished-at="2024-09-11T01:09:26 IST" duration-ms="4911" status="PASS">
          <reporter-output>
          </reporter-output>
        </test-method> <!-- BC -->
        <test-method is-config="true" signature="BM()[pri:0, instance:campaign.CreateAndDeleteTest@4efbca5a]" started-at="2024-09-11T01:09:26 IST" name="BM" finished-at="2024-09-11T01:09:44 IST" duration-ms="18266" status="PASS">
          <reporter-output>
          </reporter-output>
        </test-method> <!-- BM -->
        <test-method signature="createAndDeleteTest()[pri:0, instance:campaign.CreateAndDeleteTest@4efbca5a]" started-at="2024-09-11T01:09:44 IST" name="createAndDeleteTest" finished-at="2024-09-11T01:10:19 IST" duration-ms="35153" status="PASS">
          <reporter-output>
          </reporter-output>
        </test-method> <!-- createAndDeleteTest -->
        <test-method is-config="true" signature="AM()[pri:0, instance:campaign.CreateAndDeleteTest@4efbca5a]" started-at="2024-09-11T01:10:19 IST" name="AM" finished-at="2024-09-11T01:10:19 IST" duration-ms="4" status="PASS">
          <reporter-output>
          </reporter-output>
        </test-method> <!-- AM -->
        <test-method is-config="true" signature="AC()[pri:0, instance:campaign.CreateAndDeleteTest@4efbca5a]" started-at="2024-09-11T01:10:19 IST" name="AC" finished-at="2024-09-11T01:10:20 IST" duration-ms="449" status="PASS">
          <reporter-output>
          </reporter-output>
        </test-method> <!-- AC -->
        <test-method is-config="true" signature="AT()[pri:0, instance:campaign.CreateAndDeleteTest@4efbca5a]" started-at="2024-09-11T01:10:20 IST" name="AT" finished-at="2024-09-11T01:10:20 IST" duration-ms="0" status="PASS">
          <reporter-output>
          </reporter-output>
        </test-method> <!-- AT -->
        <test-method is-config="true" signature="AS()[pri:0, instance:campaign.CreateAndDeleteTest@4efbca5a]" started-at="2024-09-11T01:10:20 IST" name="AS" finished-at="2024-09-11T01:10:20 IST" duration-ms="2" status="PASS">
          <reporter-output>
          </reporter-output>
        </test-method> <!-- AS -->
      </class> <!-- campaign.CreateAndDeleteTest -->
    </test> <!-- Default test -->
  </suite> <!-- Default suite -->
</testng-results>
